objc[64740]: Class AXEmojiUtilities is implemented in both /Applications/Xcode.app/Contents/Developer/Platforms/iPhoneSimulator.platform/Developer/SDKs/iPhoneSimulator7.1.sdk/System/Library/PrivateFrameworks/AccessibilityUtilities.framework/AccessibilityUtilities and /Applications/Xcode.app/Contents/Developer/Platforms/iPhoneSimulator.platform/Developer/SDKs/iPhoneSimulator7.1.sdk/usr/lib/libAXSpeechManager.dylib. One of the two will be used. Which one is undefined.
2014-03-30 15:54:28.826 TextTV.nu[64740:70b] Cannot find executable for CFBundle 0xa598580 </Applications/Xcode.app/Contents/Developer/Platforms/iPhoneSimulator.platform/Developer/SDKs/iPhoneSimulator7.1.sdk/System/Library/AccessibilityBundles/CertUIFramework.axbundle> (not loaded)
2014-03-30 15:54:28.836 TextTV.nu[64740:70b] Cannot find executable for CFBundle 0xa5ac9d0 </Applications/Xcode.app/Contents/Developer/Platforms/iPhoneSimulator.platform/Developer/SDKs/iPhoneSimulator7.1.sdk/System/Library/AccessibilityBundles/GeoServices.axbundle> (not loaded)
2014-03-30 15:54:28.896 TextTV.nu[64740:70b] Multi-tasking -> Device: YES, App: YES
2014-03-30 15:54:28.913 TextTV.nu[64740:70b] Unlimited access to network resources
2014-03-30 15:54:28.927 TextTV.nu[64740:70b] Fix applied for database locations?: YES
2014-03-30 15:54:29.110 TextTV.nu[64740:70b] Resetting plugins due to page load.
2014-03-30 15:54:29.708 TextTV.nu[64740:70b] Finished load of: file:///Users/bonny/Library/Application%20Support/iPhone%20Simulator/7.1/Applications/4BBB6501-6E45-4545-B302-2FAA1A8233BA/TextTV.nu.app/www/index.html
Terminating in response to SpringBoard's termination.
objc[65822]: Class AXEmojiUtilities is implemented in both /Applications/Xcode.app/Contents/Developer/Platforms/iPhoneSimulator.platform/Developer/SDKs/iPhoneSimulator7.1.sdk/System/Library/PrivateFrameworks/AccessibilityUtilities.framework/AccessibilityUtilities and /Applications/Xcode.app/Contents/Developer/Platforms/iPhoneSimulator.platform/Developer/SDKs/iPhoneSimulator7.1.sdk/usr/lib/libAXSpeechManager.dylib. One of the two will be used. Which one is undefined.
2014-03-30 15:56:49.008 TextTV.nu[65822:70b] Cannot find executable for CFBundle 0xa361d50 </Applications/Xcode.app/Contents/Developer/Platforms/iPhoneSimulator.platform/Developer/SDKs/iPhoneSimulator7.1.sdk/System/Library/AccessibilityBundles/GeoServices.axbundle> (not loaded)
2014-03-30 15:56:49.019 TextTV.nu[65822:70b] Cannot find executable for CFBundle 0xa3843e0 </Applications/Xcode.app/Contents/Developer/Platforms/iPhoneSimulator.platform/Developer/SDKs/iPhoneSimulator7.1.sdk/System/Library/AccessibilityBundles/CertUIFramework.axbundle> (not loaded)
2014-03-30 15:56:49.072 TextTV.nu[65822:70b] Multi-tasking -> Device: YES, App: YES
2014-03-30 15:56:49.083 TextTV.nu[65822:70b] Unlimited access to network resources
2014-03-30 15:56:49.272 TextTV.nu[65822:70b] Resetting plugins due to page load.
2014-03-30 15:56:50.565 TextTV.nu[65822:70b] Finished load of: file:///Users/bonny/Library/Application%20Support/iPhone%20Simulator/7.1/Applications/4BBB6501-6E45-4545-B302-2FAA1A8233BA/TextTV.nu.app/www/index.html
objc[66422]: Class AXEmojiUtilities is implemented in both /Applications/Xcode.app/Contents/Developer/Platforms/iPhoneSimulator.platform/Developer/SDKs/iPhoneSimulator7.1.sdk/System/Library/PrivateFrameworks/AccessibilityUtilities.framework/AccessibilityUtilities and /Applications/Xcode.app/Contents/Developer/Platforms/iPhoneSimulator.platform/Developer/SDKs/iPhoneSimulator7.1.sdk/usr/lib/libAXSpeechManager.dylib. One of the two will be used. Which one is undefined.
2014-03-30 15:58:07.545 TextTV.nu[66422:70b] Cannot find executable for CFBundle 0xa391f10 </Applications/Xcode.app/Contents/Developer/Platforms/iPhoneSimulator.platform/Developer/SDKs/iPhoneSimulator7.1.sdk/System/Library/AccessibilityBundles/CertUIFramework.axbundle> (not loaded)
2014-03-30 15:58:07.552 TextTV.nu[66422:70b] Cannot find executable for CFBundle 0xa59b6b0 </Applications/Xcode.app/Contents/Developer/Platforms/iPhoneSimulator.platform/Developer/SDKs/iPhoneSimulator7.1.sdk/System/Library/AccessibilityBundles/GeoServices.axbundle> (not loaded)
2014-03-30 15:58:07.602 TextTV.nu[66422:70b] Multi-tasking -> Device: YES, App: YES
2014-03-30 15:58:07.613 TextTV.nu[66422:70b] Unlimited access to network resources
2014-03-30 15:58:07.791 TextTV.nu[66422:70b] Resetting plugins due to page load.
2014-03-30 15:58:08.204 TextTV.nu[66422:70b] Finished load of: file:///Users/bonny/Library/Application%20Support/iPhone%20Simulator/7.1/Applications/4BBB6501-6E45-4545-B302-2FAA1A8233BA/TextTV.nu.app/www/index.html
objc[66993]: Class AXEmojiUtilities is implemented in both /Applications/Xcode.app/Contents/Developer/Platforms/iPhoneSimulator.platform/Developer/SDKs/iPhoneSimulator7.1.sdk/System/Library/PrivateFrameworks/AccessibilityUtilities.framework/AccessibilityUtilities and /Applications/Xcode.app/Contents/Developer/Platforms/iPhoneSimulator.platform/Developer/SDKs/iPhoneSimulator7.1.sdk/usr/lib/libAXSpeechManager.dylib. One of the two will be used. Which one is undefined.
2014-03-30 15:59:17.629 TextTV.nu[66993:70b] Cannot find executable for CFBundle 0xa562a90 </Applications/Xcode.app/Contents/Developer/Platforms/iPhoneSimulator.platform/Developer/SDKs/iPhoneSimulator7.1.sdk/System/Library/AccessibilityBundles/GeoServices.axbundle> (not loaded)
2014-03-30 15:59:17.638 TextTV.nu[66993:70b] Cannot find executable for CFBundle 0xa57b880 </Applications/Xcode.app/Contents/Developer/Platforms/iPhoneSimulator.platform/Developer/SDKs/iPhoneSimulator7.1.sdk/System/Library/AccessibilityBundles/CertUIFramework.axbundle> (not loaded)
2014-03-30 15:59:17.687 TextTV.nu[66993:70b] Multi-tasking -> Device: YES, App: YES
2014-03-30 15:59:17.697 TextTV.nu[66993:70b] Unlimited access to network resources
2014-03-30 15:59:17.873 TextTV.nu[66993:70b] Resetting plugins due to page load.
2014-03-30 15:59:18.779 TextTV.nu[66993:70b] Finished load of: file:///Users/bonny/Library/Application%20Support/iPhone%20Simulator/7.1/Applications/4BBB6501-6E45-4545-B302-2FAA1A8233BA/TextTV.nu.app/www/index.html
objc[67797]: Class AXEmojiUtilities is implemented in both /Applications/Xcode.app/Contents/Developer/Platforms/iPhoneSimulator.platform/Developer/SDKs/iPhoneSimulator7.1.sdk/System/Library/PrivateFrameworks/AccessibilityUtilities.framework/AccessibilityUtilities and /Applications/Xcode.app/Contents/Developer/Platforms/iPhoneSimulator.platform/Developer/SDKs/iPhoneSimulator7.1.sdk/usr/lib/libAXSpeechManager.dylib. One of the two will be used. Which one is undefined.
2014-03-30 16:02:31.817 TextTV.nu[67797:70b] Cannot find executable for CFBundle 0xc1830b0 </Applications/Xcode.app/Contents/Developer/Platforms/iPhoneSimulator.platform/Developer/SDKs/iPhoneSimulator7.1.sdk/System/Library/AccessibilityBundles/SocialFramework.axbundle> (not loaded)
2014-03-30 16:02:31.823 TextTV.nu[67797:70b] Cannot find executable for CFBundle 0xbf89a60 </Applications/Xcode.app/Contents/Developer/Platforms/iPhoneSimulator.platform/Developer/SDKs/iPhoneSimulator7.1.sdk/System/Library/AccessibilityBundles/GeoServices.axbundle> (not loaded)
2014-03-30 16:02:31.834 TextTV.nu[67797:70b] Cannot find executable for CFBundle 0xc0be110 </Applications/Xcode.app/Contents/Developer/Platforms/iPhoneSimulator.platform/Developer/SDKs/iPhoneSimulator7.1.sdk/System/Library/AccessibilityBundles/MusicLibrary.axbundle> (not loaded)
2014-03-30 16:02:31.836 TextTV.nu[67797:70b] Cannot find executable for CFBundle 0xc0bf7a0 </Applications/Xcode.app/Contents/Developer/Platforms/iPhoneSimulator.platform/Developer/SDKs/iPhoneSimulator7.1.sdk/System/Library/AccessibilityBundles/CertUIFramework.axbundle> (not loaded)
2014-03-30 16:02:31.885 TextTV.nu[67797:70b] Multi-tasking -> Device: YES, App: YES
2014-03-30 16:02:31.896 TextTV.nu[67797:70b] Unlimited access to network resources
2014-03-30 16:02:32.068 TextTV.nu[67797:70b] Resetting plugins due to page load.
2014-03-30 16:02:32.703 TextTV.nu[67797:70b] Finished load of: file:///Users/bonny/Library/Application%20Support/iPhone%20Simulator/7.1/Applications/4BBB6501-6E45-4545-B302-2FAA1A8233BA/TextTV.nu.app/www/index.html
2014-03-30 16:02:45.812 TextTV.nu[67797:70b] THREAD WARNING: ['SocialSharing'] took '50.512695' ms. Plugin should use a background thread.
2014-03-30 16:02:46.047 TextTV.nu[67797:70b] Cannot find executable for CFBundle 0xbf3d400 </Applications/Xcode.app/Contents/Developer/Platforms/iPhoneSimulator.platform/Developer/SDKs/iPhoneSimulator7.1.sdk/System/Library/AccessibilityBundles/SharingFramework.axbundle> (not loaded)
Terminating in response to SpringBoard's termination.
objc[69484]: Class AXEmojiUtilities is implemented in both /Applications/Xcode.app/Contents/Developer/Platforms/iPhoneSimulator.platform/Developer/SDKs/iPhoneSimulator7.1.sdk/System/Library/PrivateFrameworks/AccessibilityUtilities.framework/AccessibilityUtilities and /Applications/Xcode.app/Contents/Developer/Platforms/iPhoneSimulator.platform/Developer/SDKs/iPhoneSimulator7.1.sdk/usr/lib/libAXSpeechManager.dylib. One of the two will be used. Which one is undefined.
2014-03-30 16:05:48.933 TextTV.nu[69484:70b] Cannot find executable for CFBundle 0xbe40640 </Applications/Xcode.app/Contents/Developer/Platforms/iPhoneSimulator.platform/Developer/SDKs/iPhoneSimulator7.1.sdk/System/Library/AccessibilityBundles/SocialFramework.axbundle> (not loaded)
2014-03-30 16:05:48.945 TextTV.nu[69484:70b] Cannot find executable for CFBundle 0xc0805f0 </Applications/Xcode.app/Contents/Developer/Platforms/iPhoneSimulator.platform/Developer/SDKs/iPhoneSimulator7.1.sdk/System/Library/AccessibilityBundles/GeoServices.axbundle> (not loaded)
2014-03-30 16:05:48.954 TextTV.nu[69484:70b] Cannot find executable for CFBundle 0xc088e70 </Applications/Xcode.app/Contents/Developer/Platforms/iPhoneSimulator.platform/Developer/SDKs/iPhoneSimulator7.1.sdk/System/Library/AccessibilityBundles/MusicLibrary.axbundle> (not loaded)
2014-03-30 16:05:48.963 TextTV.nu[69484:70b] Cannot find executable for CFBundle 0xbe5e120 </Applications/Xcode.app/Contents/Developer/Platforms/iPhoneSimulator.platform/Developer/SDKs/iPhoneSimulator7.1.sdk/System/Library/AccessibilityBundles/CertUIFramework.axbundle> (not loaded)
2014-03-30 16:05:49.131 TextTV.nu[69484:70b] Multi-tasking -> Device: YES, App: YES
2014-03-30 16:05:49.142 TextTV.nu[69484:70b] Unlimited access to network resources
2014-03-30 16:05:49.343 TextTV.nu[69484:70b] Resetting plugins due to page load.
2014-03-30 16:05:50.184 TextTV.nu[69484:70b] Finished load of: file:///Users/bonny/Library/Application%20Support/iPhone%20Simulator/7.1/Applications/4BBB6501-6E45-4545-B302-2FAA1A8233BA/TextTV.nu.app/www/index.html
2014-03-30 16:05:52.512 TextTV.nu[69484:70b] THREAD WARNING: ['SocialSharing'] took '60.082031' ms. Plugin should use a background thread.
2014-03-30 16:05:52.746 TextTV.nu[69484:70b] Cannot find executable for CFBundle 0xbec1950 </Applications/Xcode.app/Contents/Developer/Platforms/iPhoneSimulator.platform/Developer/SDKs/iPhoneSimulator7.1.sdk/System/Library/AccessibilityBundles/SharingFramework.axbundle> (not loaded)
objc[70069]: Class AXEmojiUtilities is implemented in both /Applications/Xcode.app/Contents/Developer/Platforms/iPhoneSimulator.platform/Developer/SDKs/iPhoneSimulator7.1.sdk/System/Library/PrivateFrameworks/AccessibilityUtilities.framework/AccessibilityUtilities and /Applications/Xcode.app/Contents/Developer/Platforms/iPhoneSimulator.platform/Developer/SDKs/iPhoneSimulator7.1.sdk/usr/lib/libAXSpeechManager.dylib. One of the two will be used. Which one is undefined.
2014-03-30 16:06:29.635 TextTV.nu[70069:70b] Cannot find executable for CFBundle 0xbe7a010 </Applications/Xcode.app/Contents/Developer/Platforms/iPhoneSimulator.platform/Developer/SDKs/iPhoneSimulator7.1.sdk/System/Library/AccessibilityBundles/GeoServices.axbundle> (not loaded)
2014-03-30 16:06:29.658 TextTV.nu[70069:70b] Cannot find executable for CFBundle 0xbfa9b80 </Applications/Xcode.app/Contents/Developer/Platforms/iPhoneSimulator.platform/Developer/SDKs/iPhoneSimulator7.1.sdk/System/Library/AccessibilityBundles/CertUIFramework.axbundle> (not loaded)
2014-03-30 16:06:29.666 TextTV.nu[70069:70b] Cannot find executable for CFBundle 0xc08b1e0 </Applications/Xcode.app/Contents/Developer/Platforms/iPhoneSimulator.platform/Developer/SDKs/iPhoneSimulator7.1.sdk/System/Library/AccessibilityBundles/SocialFramework.axbundle> (not loaded)
2014-03-30 16:06:29.682 TextTV.nu[70069:70b] Cannot find executable for CFBundle 0xc0b1f10 </Applications/Xcode.app/Contents/Developer/Platforms/iPhoneSimulator.platform/Developer/SDKs/iPhoneSimulator7.1.sdk/System/Library/AccessibilityBundles/MusicLibrary.axbundle> (not loaded)
2014-03-30 16:06:29.728 TextTV.nu[70069:70b] Multi-tasking -> Device: YES, App: YES
2014-03-30 16:06:29.739 TextTV.nu[70069:70b] Unlimited access to network resources
2014-03-30 16:06:29.903 TextTV.nu[70069:70b] Resetting plugins due to page load.
2014-03-30 16:06:30.393 TextTV.nu[70069:70b] Finished load of: file:///Users/bonny/Library/Application%20Support/iPhone%20Simulator/7.1/Applications/4BBB6501-6E45-4545-B302-2FAA1A8233BA/TextTV.nu.app/www/index.html
2014-03-30 16:07:07.894 TextTV.nu[70069:70b] THREAD WARNING: ['SocialSharing'] took '40.343018' ms. Plugin should use a background thread.
2014-03-30 16:07:07.917 TextTV.nu[70069:70b] Warning: Attempt to present <UIActivityViewController: 0xbebf4c0> on <MainViewController: 0xc1bf770> while a presentation is in progress!
2014-03-30 16:07:07.931 TextTV.nu[70069:70b] THREAD WARNING: ['SocialSharing'] took '14.974121' ms. Plugin should use a background thread.
2014-03-30 16:07:08.134 TextTV.nu[70069:70b] Cannot find executable for CFBundle 0xbe58b10 </Applications/Xcode.app/Contents/Developer/Platforms/iPhoneSimulator.platform/Developer/SDKs/iPhoneSimulator7.1.sdk/System/Library/AccessibilityBundles/SharingFramework.axbundle> (not loaded)
2014-03-30 16:07:13.287 TextTV.nu[70069:70b] THREAD WARNING: ['SocialSharing'] took '11.038086' ms. Plugin should use a background thread.
2014-03-30 16:07:13.299 TextTV.nu[70069:70b] Warning: Attempt to present <UIActivityViewController: 0xbebf4c0> on <MainViewController: 0xc1bf770> while a presentation is in progress!
2014-03-30 16:07:13.311 TextTV.nu[70069:70b] THREAD WARNING: ['SocialSharing'] took '12.177979' ms. Plugin should use a background thread.
objc[70657]: Class AXEmojiUtilities is implemented in both /Applications/Xcode.app/Contents/Developer/Platforms/iPhoneSimulator.platform/Developer/SDKs/iPhoneSimulator7.1.sdk/System/Library/PrivateFrameworks/AccessibilityUtilities.framework/AccessibilityUtilities and /Applications/Xcode.app/Contents/Developer/Platforms/iPhoneSimulator.platform/Developer/SDKs/iPhoneSimulator7.1.sdk/usr/lib/libAXSpeechManager.dylib. One of the two will be used. Which one is undefined.
2014-03-30 16:08:08.812 TextTV.nu[70657:70b] Cannot find executable for CFBundle 0xc0af2a0 </Applications/Xcode.app/Contents/Developer/Platforms/iPhoneSimulator.platform/Developer/SDKs/iPhoneSimulator7.1.sdk/System/Library/AccessibilityBundles/GeoServices.axbundle> (not loaded)
2014-03-30 16:08:08.831 TextTV.nu[70657:70b] Cannot find executable for CFBundle 0xbea77e0 </Applications/Xcode.app/Contents/Developer/Platforms/iPhoneSimulator.platform/Developer/SDKs/iPhoneSimulator7.1.sdk/System/Library/AccessibilityBundles/CertUIFramework.axbundle> (not loaded)
2014-03-30 16:08:08.865 TextTV.nu[70657:70b] Cannot find executable for CFBundle 0xc0e6f50 </Applications/Xcode.app/Contents/Developer/Platforms/iPhoneSimulator.platform/Developer/SDKs/iPhoneSimulator7.1.sdk/System/Library/AccessibilityBundles/SocialFramework.axbundle> (not loaded)
2014-03-30 16:08:08.876 TextTV.nu[70657:70b] Cannot find executable for CFBundle 0xbfa7510 </Applications/Xcode.app/Contents/Developer/Platforms/iPhoneSimulator.platform/Developer/SDKs/iPhoneSimulator7.1.sdk/System/Library/AccessibilityBundles/MusicLibrary.axbundle> (not loaded)
2014-03-30 16:08:08.937 TextTV.nu[70657:70b] Multi-tasking -> Device: YES, App: YES
2014-03-30 16:08:08.948 TextTV.nu[70657:70b] Unlimited access to network resources
2014-03-30 16:08:09.163 TextTV.nu[70657:70b] Resetting plugins due to page load.
2014-03-30 16:08:09.880 TextTV.nu[70657:70b] Finished load of: file:///Users/bonny/Library/Application%20Support/iPhone%20Simulator/7.1/Applications/4BBB6501-6E45-4545-B302-2FAA1A8233BA/TextTV.nu.app/www/index.html
2014-03-30 16:08:50.490 TextTV.nu[70657:70b] THREAD WARNING: ['SocialSharing'] took '42.418213' ms. Plugin should use a background thread.
2014-03-30 16:08:50.508 TextTV.nu[70657:70b] Warning: Attempt to present <UIActivityViewController: 0xc048820> on <MainViewController: 0xbe75cb0> while a presentation is in progress!
2014-03-30 16:08:50.522 TextTV.nu[70657:70b] THREAD WARNING: ['SocialSharing'] took '14.186768' ms. Plugin should use a background thread.
2014-03-30 16:08:50.735 TextTV.nu[70657:70b] Cannot find executable for CFBundle 0xbefb690 </Applications/Xcode.app/Contents/Developer/Platforms/iPhoneSimulator.platform/Developer/SDKs/iPhoneSimulator7.1.sdk/System/Library/AccessibilityBundles/SharingFramework.axbundle> (not loaded)
objc[71234]: Class AXEmojiUtilities is implemented in both /Applications/Xcode.app/Contents/Developer/Platforms/iPhoneSimulator.platform/Developer/SDKs/iPhoneSimulator7.1.sdk/System/Library/PrivateFrameworks/AccessibilityUtilities.framework/AccessibilityUtilities and /Applications/Xcode.app/Contents/Developer/Platforms/iPhoneSimulator.platform/Developer/SDKs/iPhoneSimulator7.1.sdk/usr/lib/libAXSpeechManager.dylib. One of the two will be used. Which one is undefined.
2014-03-30 16:09:25.532 TextTV.nu[71234:70b] Cannot find executable for CFBundle 0xbf72610 </Applications/Xcode.app/Contents/Developer/Platforms/iPhoneSimulator.platform/Developer/SDKs/iPhoneSimulator7.1.sdk/System/Library/AccessibilityBundles/SocialFramework.axbundle> (not loaded)
2014-03-30 16:09:25.539 TextTV.nu[71234:70b] Cannot find executable for CFBundle 0xbe4f320 </Applications/Xcode.app/Contents/Developer/Platforms/iPhoneSimulator.platform/Developer/SDKs/iPhoneSimulator7.1.sdk/System/Library/AccessibilityBundles/GeoServices.axbundle> (not loaded)
2014-03-30 16:09:25.549 TextTV.nu[71234:70b] Cannot find executable for CFBundle 0xc05ce00 </Applications/Xcode.app/Contents/Developer/Platforms/iPhoneSimulator.platform/Developer/SDKs/iPhoneSimulator7.1.sdk/System/Library/AccessibilityBundles/MusicLibrary.axbundle> (not loaded)
2014-03-30 16:09:25.554 TextTV.nu[71234:70b] Cannot find executable for CFBundle 0xc05de00 </Applications/Xcode.app/Contents/Developer/Platforms/iPhoneSimulator.platform/Developer/SDKs/iPhoneSimulator7.1.sdk/System/Library/AccessibilityBundles/CertUIFramework.axbundle> (not loaded)
2014-03-30 16:09:25.635 TextTV.nu[71234:70b] Multi-tasking -> Device: YES, App: YES
2014-03-30 16:09:25.645 TextTV.nu[71234:70b] Unlimited access to network resources
2014-03-30 16:09:25.791 TextTV.nu[71234:70b] Resetting plugins due to page load.
2014-03-30 16:09:26.614 TextTV.nu[71234:70b] Finished load of: file:///Users/bonny/Library/Application%20Support/iPhone%20Simulator/7.1/Applications/4BBB6501-6E45-4545-B302-2FAA1A8233BA/TextTV.nu.app/www/index.html
2014-03-30 16:09:36.714 TextTV.nu[71234:70b] THREAD WARNING: ['SocialSharing'] took '53.485840' ms. Plugin should use a background thread.
2014-03-30 16:09:36.729 TextTV.nu[71234:70b] Warning: Attempt to present <UIActivityViewController: 0xc19c0c0> on <MainViewController: 0xc057af0> while a presentation is in progress!
2014-03-30 16:09:36.746 TextTV.nu[71234:70b] THREAD WARNING: ['SocialSharing'] took '17.716309' ms. Plugin should use a background thread.
2014-03-30 16:09:36.978 TextTV.nu[71234:70b] Cannot find executable for CFBundle 0xc179bd0 </Applications/Xcode.app/Contents/Developer/Platforms/iPhoneSimulator.platform/Developer/SDKs/iPhoneSimulator7.1.sdk/System/Library/AccessibilityBundles/SharingFramework.axbundle> (not loaded)
Terminating in response to SpringBoard's termination.
objc[71850]: Class AXEmojiUtilities is implemented in both /Applications/Xcode.app/Contents/Developer/Platforms/iPhoneSimulator.platform/Developer/SDKs/iPhoneSimulator7.1.sdk/System/Library/PrivateFrameworks/AccessibilityUtilities.framework/AccessibilityUtilities and /Applications/Xcode.app/Contents/Developer/Platforms/iPhoneSimulator.platform/Developer/SDKs/iPhoneSimulator7.1.sdk/usr/lib/libAXSpeechManager.dylib. One of the two will be used. Which one is undefined.
2014-03-30 16:11:13.983 TextTV.nu[71850:70b] Cannot find executable for CFBundle 0xc05f040 </Applications/Xcode.app/Contents/Developer/Platforms/iPhoneSimulator.platform/Developer/SDKs/iPhoneSimulator7.1.sdk/System/Library/AccessibilityBundles/GeoServices.axbundle> (not loaded)
2014-03-30 16:11:13.996 TextTV.nu[71850:70b] Cannot find executable for CFBundle 0xc07ccd0 </Applications/Xcode.app/Contents/Developer/Platforms/iPhoneSimulator.platform/Developer/SDKs/iPhoneSimulator7.1.sdk/System/Library/AccessibilityBundles/MusicLibrary.axbundle> (not loaded)
2014-03-30 16:11:14.030 TextTV.nu[71850:70b] Cannot find executable for CFBundle 0xbf76270 </Applications/Xcode.app/Contents/Developer/Platforms/iPhoneSimulator.platform/Developer/SDKs/iPhoneSimulator7.1.sdk/System/Library/AccessibilityBundles/CertUIFramework.axbundle> (not loaded)
2014-03-30 16:11:14.039 TextTV.nu[71850:70b] Cannot find executable for CFBundle 0xbe675c0 </Applications/Xcode.app/Contents/Developer/Platforms/iPhoneSimulator.platform/Developer/SDKs/iPhoneSimulator7.1.sdk/System/Library/AccessibilityBundles/SocialFramework.axbundle> (not loaded)
2014-03-30 16:11:14.095 TextTV.nu[71850:70b] Multi-tasking -> Device: YES, App: YES
2014-03-30 16:11:14.105 TextTV.nu[71850:70b] Unlimited access to network resources
2014-03-30 16:11:14.355 TextTV.nu[71850:70b] Resetting plugins due to page load.
2014-03-30 16:11:15.007 TextTV.nu[71850:70b] Finished load of: file:///Users/bonny/Library/Application%20Support/iPhone%20Simulator/7.1/Applications/4BBB6501-6E45-4545-B302-2FAA1A8233BA/TextTV.nu.app/www/index.html
2014-03-30 16:11:18.886 TextTV.nu[71850:70b] data {"is_ok":true,"screenshot":"http:\/\/digital.texttv.nu\/shares\/1396188677636-63433060.gif","permalink":"http:\/\/digital.texttv.nu\/100\/arkiv\/sida\/2752920"}
2014-03-30 16:11:18.959 TextTV.nu[71850:70b] THREAD WARNING: ['SocialSharing'] took '72.010986' ms. Plugin should use a background thread.
2014-03-30 16:11:18.977 TextTV.nu[71850:70b] Warning: Attempt to present <UIActivityViewController: 0xc1b0290> on <MainViewController: 0xbe58ea0> while a presentation is in progress!
2014-03-30 16:11:19.000 TextTV.nu[71850:70b] THREAD WARNING: ['SocialSharing'] took '23.015137' ms. Plugin should use a background thread.
2014-03-30 16:11:19.002 TextTV.nu[71850:70b] share api data {"is_ok":true,"screenshot":"http:\/\/digital.texttv.nu\/shares\/1396188677636-63433060.gif","permalink":"http:\/\/digital.texttv.nu\/100\/arkiv\/sida\/2752920"}
2014-03-30 16:11:19.197 TextTV.nu[71850:70b] Cannot find executable for CFBundle 0xbfcaf80 </Applications/Xcode.app/Contents/Developer/Platforms/iPhoneSimulator.platform/Developer/SDKs/iPhoneSimulator7.1.sdk/System/Library/AccessibilityBundles/SharingFramework.axbundle> (not loaded)
objc[72450]: Class AXEmojiUtilities is implemented in both /Applications/Xcode.app/Contents/Developer/Platforms/iPhoneSimulator.platform/Developer/SDKs/iPhoneSimulator7.1.sdk/System/Library/PrivateFrameworks/AccessibilityUtilities.framework/AccessibilityUtilities and /Applications/Xcode.app/Contents/Developer/Platforms/iPhoneSimulator.platform/Developer/SDKs/iPhoneSimulator7.1.sdk/usr/lib/libAXSpeechManager.dylib. One of the two will be used. Which one is undefined.
2014-03-30 16:13:22.253 TextTV.nu[72450:70b] Cannot find executable for CFBundle 0xbf4d590 </Applications/Xcode.app/Contents/Developer/Platforms/iPhoneSimulator.platform/Developer/SDKs/iPhoneSimulator7.1.sdk/System/Library/AccessibilityBundles/GeoServices.axbundle> (not loaded)
2014-03-30 16:13:22.257 TextTV.nu[72450:70b] Cannot find executable for CFBundle 0xc15d620 </Applications/Xcode.app/Contents/Developer/Platforms/iPhoneSimulator.platform/Developer/SDKs/iPhoneSimulator7.1.sdk/System/Library/AccessibilityBundles/SocialFramework.axbundle> (not loaded)
2014-03-30 16:13:22.287 TextTV.nu[72450:70b] Cannot find executable for CFBundle 0xc167440 </Applications/Xcode.app/Contents/Developer/Platforms/iPhoneSimulator.platform/Developer/SDKs/iPhoneSimulator7.1.sdk/System/Library/AccessibilityBundles/MusicLibrary.axbundle> (not loaded)
2014-03-30 16:13:22.291 TextTV.nu[72450:70b] Cannot find executable for CFBundle 0xc0512a0 </Applications/Xcode.app/Contents/Developer/Platforms/iPhoneSimulator.platform/Developer/SDKs/iPhoneSimulator7.1.sdk/System/Library/AccessibilityBundles/CertUIFramework.axbundle> (not loaded)
2014-03-30 16:13:22.337 TextTV.nu[72450:70b] Multi-tasking -> Device: YES, App: YES
2014-03-30 16:13:22.350 TextTV.nu[72450:70b] Unlimited access to network resources
2014-03-30 16:13:22.703 TextTV.nu[72450:70b] Resetting plugins due to page load.
2014-03-30 16:13:23.504 TextTV.nu[72450:70b] Finished load of: file:///Users/bonny/Library/Application%20Support/iPhone%20Simulator/7.1/Applications/4BBB6501-6E45-4545-B302-2FAA1A8233BA/TextTV.nu.app/www/index.html
2014-03-30 16:13:36.381 TextTV.nu[72450:70b] {"is_ok":true,"screenshot":"http:\/\/digital.texttv.nu\/shares\/1396188815006-92662123.gif","permalink":"http:\/\/digital.texttv.nu\/100\/arkiv\/sida\/2752920"}
2014-03-30 16:13:36.480 TextTV.nu[72450:70b] THREAD WARNING: ['SocialSharing'] took '98.170898' ms. Plugin should use a background thread.
2014-03-30 16:13:36.498 TextTV.nu[72450:70b] Warning: Attempt to present <UIActivityViewController: 0xc1d2820> on <MainViewController: 0xc1814d0> while a presentation is in progress!
2014-03-30 16:13:36.515 TextTV.nu[72450:70b] THREAD WARNING: ['SocialSharing'] took '16.853760' ms. Plugin should use a background thread.
2014-03-30 16:13:36.518 TextTV.nu[72450:70b] share api data {"is_ok":true,"screenshot":"http:\/\/digital.texttv.nu\/shares\/1396188815006-92662123.gif","permalink":"http:\/\/digital.texttv.nu\/100\/arkiv\/sida\/2752920"}
2014-03-30 16:13:36.723 TextTV.nu[72450:70b] Cannot find executable for CFBundle 0xbf92320 </Applications/Xcode.app/Contents/Developer/Platforms/iPhoneSimulator.platform/Developer/SDKs/iPhoneSimulator7.1.sdk/System/Library/AccessibilityBundles/SharingFramework.axbundle> (not loaded)
objc[73030]: Class AXEmojiUtilities is implemented in both /Applications/Xcode.app/Contents/Developer/Platforms/iPhoneSimulator.platform/Developer/SDKs/iPhoneSimulator7.1.sdk/System/Library/PrivateFrameworks/AccessibilityUtilities.framework/AccessibilityUtilities and /Applications/Xcode.app/Contents/Developer/Platforms/iPhoneSimulator.platform/Developer/SDKs/iPhoneSimulator7.1.sdk/usr/lib/libAXSpeechManager.dylib. One of the two will be used. Which one is undefined.
2014-03-30 16:14:30.335 TextTV.nu[73030:70b] Cannot find executable for CFBundle 0xbf52040 </Applications/Xcode.app/Contents/Developer/Platforms/iPhoneSimulator.platform/Developer/SDKs/iPhoneSimulator7.1.sdk/System/Library/AccessibilityBundles/GeoServices.axbundle> (not loaded)
2014-03-30 16:14:30.350 TextTV.nu[73030:70b] Cannot find executable for CFBundle 0xc170c60 </Applications/Xcode.app/Contents/Developer/Platforms/iPhoneSimulator.platform/Developer/SDKs/iPhoneSimulator7.1.sdk/System/Library/AccessibilityBundles/SocialFramework.axbundle> (not loaded)
2014-03-30 16:14:30.360 TextTV.nu[73030:70b] Cannot find executable for CFBundle 0xbe57ff0 </Applications/Xcode.app/Contents/Developer/Platforms/iPhoneSimulator.platform/Developer/SDKs/iPhoneSimulator7.1.sdk/System/Library/AccessibilityBundles/CertUIFramework.axbundle> (not loaded)
2014-03-30 16:14:30.364 TextTV.nu[73030:70b] Cannot find executable for CFBundle 0xc17c100 </Applications/Xcode.app/Contents/Developer/Platforms/iPhoneSimulator.platform/Developer/SDKs/iPhoneSimulator7.1.sdk/System/Library/AccessibilityBundles/MusicLibrary.axbundle> (not loaded)
2014-03-30 16:14:30.417 TextTV.nu[73030:70b] Multi-tasking -> Device: YES, App: YES
2014-03-30 16:14:30.428 TextTV.nu[73030:70b] Unlimited access to network resources
2014-03-30 16:14:30.713 TextTV.nu[73030:70b] Resetting plugins due to page load.
2014-03-30 16:14:31.661 TextTV.nu[73030:70b] Finished load of: file:///Users/bonny/Library/Application%20Support/iPhone%20Simulator/7.1/Applications/4BBB6501-6E45-4545-B302-2FAA1A8233BA/TextTV.nu.app/www/index.html
2014-03-30 16:14:50.040 TextTV.nu[73030:70b] ==========DATA=========
2014-03-30 16:14:50.040 TextTV.nu[73030:70b] {"is_ok":true,"screenshot":"http:\/\/digital.texttv.nu\/shares\/1396188888954-36236440.gif","permalink":"http:\/\/digital.texttv.nu\/100\/arkiv\/sida\/2752948"}
2014-03-30 16:14:50.106 TextTV.nu[73030:70b] THREAD WARNING: ['SocialSharing'] took '65.086670' ms. Plugin should use a background thread.
2014-03-30 16:14:50.131 TextTV.nu[73030:70b] Warning: Attempt to present <UIActivityViewController: 0xbec4af0> on <MainViewController: 0xbe69080> while a presentation is in progress!
2014-03-30 16:14:50.148 TextTV.nu[73030:70b] THREAD WARNING: ['SocialSharing'] took '17.018066' ms. Plugin should use a background thread.
2014-03-30 16:14:50.151 TextTV.nu[73030:70b] share api data {"is_ok":true,"screenshot":"http:\/\/digital.texttv.nu\/shares\/1396188888954-36236440.gif","permalink":"http:\/\/digital.texttv.nu\/100\/arkiv\/sida\/2752948"}
2014-03-30 16:14:50.345 TextTV.nu[73030:70b] Cannot find executable for CFBundle 0xc0b6180 </Applications/Xcode.app/Contents/Developer/Platforms/iPhoneSimulator.platform/Developer/SDKs/iPhoneSimulator7.1.sdk/System/Library/AccessibilityBundles/SharingFramework.axbundle> (not loaded)
objc[73618]: Class AXEmojiUtilities is implemented in both /Applications/Xcode.app/Contents/Developer/Platforms/iPhoneSimulator.platform/Developer/SDKs/iPhoneSimulator7.1.sdk/System/Library/PrivateFrameworks/AccessibilityUtilities.framework/AccessibilityUtilities and /Applications/Xcode.app/Contents/Developer/Platforms/iPhoneSimulator.platform/Developer/SDKs/iPhoneSimulator7.1.sdk/usr/lib/libAXSpeechManager.dylib. One of the two will be used. Which one is undefined.
2014-03-30 16:16:03.982 TextTV.nu[73618:70b] Cannot find executable for CFBundle 0xbe68730 </Applications/Xcode.app/Contents/Developer/Platforms/iPhoneSimulator.platform/Developer/SDKs/iPhoneSimulator7.1.sdk/System/Library/AccessibilityBundles/SocialFramework.axbundle> (not loaded)
2014-03-30 16:16:03.996 TextTV.nu[73618:70b] Cannot find executable for CFBundle 0xc0bb9d0 </Applications/Xcode.app/Contents/Developer/Platforms/iPhoneSimulator.platform/Developer/SDKs/iPhoneSimulator7.1.sdk/System/Library/AccessibilityBundles/GeoServices.axbundle> (not loaded)
2014-03-30 16:16:04.004 TextTV.nu[73618:70b] Cannot find executable for CFBundle 0xbe998f0 </Applications/Xcode.app/Contents/Developer/Platforms/iPhoneSimulator.platform/Developer/SDKs/iPhoneSimulator7.1.sdk/System/Library/AccessibilityBundles/MusicLibrary.axbundle> (not loaded)
2014-03-30 16:16:04.007 TextTV.nu[73618:70b] Cannot find executable for CFBundle 0xc0c6bb0 </Applications/Xcode.app/Contents/Developer/Platforms/iPhoneSimulator.platform/Developer/SDKs/iPhoneSimulator7.1.sdk/System/Library/AccessibilityBundles/CertUIFramework.axbundle> (not loaded)
2014-03-30 16:16:04.053 TextTV.nu[73618:70b] Multi-tasking -> Device: YES, App: YES
2014-03-30 16:16:04.065 TextTV.nu[73618:70b] Unlimited access to network resources
2014-03-30 16:16:04.253 TextTV.nu[73618:70b] Resetting plugins due to page load.
2014-03-30 16:16:04.804 TextTV.nu[73618:70b] Finished load of: file:///Users/bonny/Library/Application%20Support/iPhone%20Simulator/7.1/Applications/4BBB6501-6E45-4545-B302-2FAA1A8233BA/TextTV.nu.app/www/index.html
2014-03-30 16:16:23.849 TextTV.nu[73618:70b] ==========DATA=========
2014-03-30 16:16:23.850 TextTV.nu[73618:70b] apiEndpoint http://digital.texttv.nu/api/share/2752970,2752923
2014-03-30 16:16:23.850 TextTV.nu[73618:70b] {"is_ok":true,"screenshot":"http:\/\/digital.texttv.nu\/shares\/1396188975138-49468419.gif","permalink":"http:\/\/digital.texttv.nu\/100\/arkiv\/sida\/2752970,2752923"}
2014-03-30 16:16:23.896 TextTV.nu[73618:70b] THREAD WARNING: ['SocialSharing'] took '45.697998' ms. Plugin should use a background thread.
2014-03-30 16:16:23.911 TextTV.nu[73618:70b] Warning: Attempt to present <UIActivityViewController: 0xc197d10> on <MainViewController: 0xbf7b4e0> while a presentation is in progress!
2014-03-30 16:16:23.928 TextTV.nu[73618:70b] THREAD WARNING: ['SocialSharing'] took '17.125244' ms. Plugin should use a background thread.
2014-03-30 16:16:23.930 TextTV.nu[73618:70b] share api data {"is_ok":true,"screenshot":"http:\/\/digital.texttv.nu\/shares\/1396188975138-49468419.gif","permalink":"http:\/\/digital.texttv.nu\/100\/arkiv\/sida\/2752970,2752923"}
2014-03-30 16:16:24.138 TextTV.nu[73618:70b] Cannot find executable for CFBundle 0xc198cb0 </Applications/Xcode.app/Contents/Developer/Platforms/iPhoneSimulator.platform/Developer/SDKs/iPhoneSimulator7.1.sdk/System/Library/AccessibilityBundles/SharingFramework.axbundle> (not loaded)
objc[74203]: Class AXEmojiUtilities is implemented in both /Applications/Xcode.app/Contents/Developer/Platforms/iPhoneSimulator.platform/Developer/SDKs/iPhoneSimulator7.1.sdk/System/Library/PrivateFrameworks/AccessibilityUtilities.framework/AccessibilityUtilities and /Applications/Xcode.app/Contents/Developer/Platforms/iPhoneSimulator.platform/Developer/SDKs/iPhoneSimulator7.1.sdk/usr/lib/libAXSpeechManager.dylib. One of the two will be used. Which one is undefined.
2014-03-30 16:17:47.737 TextTV.nu[74203:70b] Cannot find executable for CFBundle 0xc09d720 </Applications/Xcode.app/Contents/Developer/Platforms/iPhoneSimulator.platform/Developer/SDKs/iPhoneSimulator7.1.sdk/System/Library/AccessibilityBundles/MusicLibrary.axbundle> (not loaded)
2014-03-30 16:17:47.747 TextTV.nu[74203:70b] Cannot find executable for CFBundle 0xbeb68e0 </Applications/Xcode.app/Contents/Developer/Platforms/iPhoneSimulator.platform/Developer/SDKs/iPhoneSimulator7.1.sdk/System/Library/AccessibilityBundles/GeoServices.axbundle> (not loaded)
2014-03-30 16:17:47.777 TextTV.nu[74203:70b] Cannot find executable for CFBundle 0xbfa50e0 </Applications/Xcode.app/Contents/Developer/Platforms/iPhoneSimulator.platform/Developer/SDKs/iPhoneSimulator7.1.sdk/System/Library/AccessibilityBundles/SocialFramework.axbundle> (not loaded)
2014-03-30 16:17:47.779 TextTV.nu[74203:70b] Cannot find executable for CFBundle 0xbfa7460 </Applications/Xcode.app/Contents/Developer/Platforms/iPhoneSimulator.platform/Developer/SDKs/iPhoneSimulator7.1.sdk/System/Library/AccessibilityBundles/CertUIFramework.axbundle> (not loaded)
2014-03-30 16:17:47.833 TextTV.nu[74203:70b] Multi-tasking -> Device: YES, App: YES
2014-03-30 16:17:47.846 TextTV.nu[74203:70b] Unlimited access to network resources
2014-03-30 16:17:48.077 TextTV.nu[74203:70b] Resetting plugins due to page load.
2014-03-30 16:17:48.860 TextTV.nu[74203:70b] Finished load of: file:///Users/bonny/Library/Application%20Support/iPhone%20Simulator/7.1/Applications/4BBB6501-6E45-4545-B302-2FAA1A8233BA/TextTV.nu.app/www/index.html
2014-03-30 16:18:31.672 TextTV.nu[74203:70b] ==========DATA=========
2014-03-30 16:18:31.673 TextTV.nu[74203:70b] apiEndpoint http://digital.texttv.nu/api/share/2752948
2014-03-30 16:18:31.673 TextTV.nu[74203:70b] {"is_ok":true,"screenshot":"http://digital.texttv.nu/shares/1396189110387-6700015.gif","permalink":"http://digital.texttv.nu/100/arkiv/sida/2752948"}
2014-03-30 16:18:31.673 TextTV.nu[74203:70b] http://digital.texttv.nu/100/arkiv/sida/2752948
2014-03-30 16:18:31.673 TextTV.nu[74203:70b] http://digital.texttv.nu/shares/1396189110387-6700015.gif
2014-03-30 16:18:31.719 TextTV.nu[74203:70b] THREAD WARNING: ['SocialSharing'] took '45.543213' ms. Plugin should use a background thread.
2014-03-30 16:18:31.842 TextTV.nu[74203:70b] Warning: Attempt to present <UIActivityViewController: 0xbf59ac0> on <MainViewController: 0xbfa3e60> while a presentation is in progress!
2014-03-30 16:18:31.856 TextTV.nu[74203:70b] THREAD WARNING: ['SocialSharing'] took '116.174316' ms. Plugin should use a background thread.
2014-03-30 16:18:31.859 TextTV.nu[74203:70b] share api data [object Object]
2014-03-30 16:18:31.963 TextTV.nu[74203:70b] Cannot find executable for CFBundle 0xbeb47c0 </Applications/Xcode.app/Contents/Developer/Platforms/iPhoneSimulator.platform/Developer/SDKs/iPhoneSimulator7.1.sdk/System/Library/AccessibilityBundles/SharingFramework.axbundle> (not loaded)
objc[74798]: Class AXEmojiUtilities is implemented in both /Applications/Xcode.app/Contents/Developer/Platforms/iPhoneSimulator.platform/Developer/SDKs/iPhoneSimulator7.1.sdk/System/Library/PrivateFrameworks/AccessibilityUtilities.framework/AccessibilityUtilities and /Applications/Xcode.app/Contents/Developer/Platforms/iPhoneSimulator.platform/Developer/SDKs/iPhoneSimulator7.1.sdk/usr/lib/libAXSpeechManager.dylib. One of the two will be used. Which one is undefined.
2014-03-30 16:19:47.958 TextTV.nu[74798:70b] Cannot find executable for CFBundle 0xbf5bec0 </Applications/Xcode.app/Contents/Developer/Platforms/iPhoneSimulator.platform/Developer/SDKs/iPhoneSimulator7.1.sdk/System/Library/AccessibilityBundles/CertUIFramework.axbundle> (not loaded)
2014-03-30 16:19:47.992 TextTV.nu[74798:70b] Cannot find executable for CFBundle 0xc073890 </Applications/Xcode.app/Contents/Developer/Platforms/iPhoneSimulator.platform/Developer/SDKs/iPhoneSimulator7.1.sdk/System/Library/AccessibilityBundles/SocialFramework.axbundle> (not loaded)
2014-03-30 16:19:48.007 TextTV.nu[74798:70b] Cannot find executable for CFBundle 0xbf85190 </Applications/Xcode.app/Contents/Developer/Platforms/iPhoneSimulator.platform/Developer/SDKs/iPhoneSimulator7.1.sdk/System/Library/AccessibilityBundles/GeoServices.axbundle> (not loaded)
2014-03-30 16:19:48.014 TextTV.nu[74798:70b] Cannot find executable for CFBundle 0xbf93540 </Applications/Xcode.app/Contents/Developer/Platforms/iPhoneSimulator.platform/Developer/SDKs/iPhoneSimulator7.1.sdk/System/Library/AccessibilityBundles/MusicLibrary.axbundle> (not loaded)
2014-03-30 16:19:48.076 TextTV.nu[74798:70b] Multi-tasking -> Device: YES, App: YES
2014-03-30 16:19:48.088 TextTV.nu[74798:70b] Unlimited access to network resources
2014-03-30 16:19:48.337 TextTV.nu[74798:70b] Resetting plugins due to page load.
2014-03-30 16:19:49.386 TextTV.nu[74798:70b] Finished load of: file:///Users/bonny/Library/Application%20Support/iPhone%20Simulator/7.1/Applications/4BBB6501-6E45-4545-B302-2FAA1A8233BA/TextTV.nu.app/www/index.html
2014-03-30 16:19:49.554 TextTV.nu[74798:70b] THREAD WARNING: ['Device'] took '66.038086' ms. Plugin should use a background thread.
2014-03-30 16:21:47.919 TextTV.nu[74798:70b] THREAD WARNING: ['SocialSharing'] took '142.691162' ms. Plugin should use a background thread.
2014-03-30 16:21:47.954 TextTV.nu[74798:70b] share api data [object Object]
2014-03-30 16:21:48.160 TextTV.nu[74798:70b] Cannot find executable for CFBundle 0xc0cda90 </Applications/Xcode.app/Contents/Developer/Platforms/iPhoneSimulator.platform/Developer/SDKs/iPhoneSimulator7.1.sdk/System/Library/AccessibilityBundles/SharingFramework.axbundle> (not loaded)
objc[75457]: Class AXEmojiUtilities is implemented in both /Applications/Xcode.app/Contents/Developer/Platforms/iPhoneSimulator.platform/Developer/SDKs/iPhoneSimulator7.1.sdk/System/Library/PrivateFrameworks/AccessibilityUtilities.framework/AccessibilityUtilities and /Applications/Xcode.app/Contents/Developer/Platforms/iPhoneSimulator.platform/Developer/SDKs/iPhoneSimulator7.1.sdk/usr/lib/libAXSpeechManager.dylib. One of the two will be used. Which one is undefined.
2014-03-30 16:23:24.305 TextTV.nu[75457:70b] Cannot find executable for CFBundle 0xbf5a950 </Applications/Xcode.app/Contents/Developer/Platforms/iPhoneSimulator.platform/Developer/SDKs/iPhoneSimulator7.1.sdk/System/Library/AccessibilityBundles/SocialFramework.axbundle> (not loaded)
2014-03-30 16:23:24.320 TextTV.nu[75457:70b] Cannot find executable for CFBundle 0xbf79aa0 </Applications/Xcode.app/Contents/Developer/Platforms/iPhoneSimulator.platform/Developer/SDKs/iPhoneSimulator7.1.sdk/System/Library/AccessibilityBundles/GeoServices.axbundle> (not loaded)
2014-03-30 16:23:24.325 TextTV.nu[75457:70b] Cannot find executable for CFBundle 0xc17a490 </Applications/Xcode.app/Contents/Developer/Platforms/iPhoneSimulator.platform/Developer/SDKs/iPhoneSimulator7.1.sdk/System/Library/AccessibilityBundles/MusicLibrary.axbundle> (not loaded)
2014-03-30 16:23:24.371 TextTV.nu[75457:70b] Cannot find executable for CFBundle 0xc0c88c0 </Applications/Xcode.app/Contents/Developer/Platforms/iPhoneSimulator.platform/Developer/SDKs/iPhoneSimulator7.1.sdk/System/Library/AccessibilityBundles/CertUIFramework.axbundle> (not loaded)
2014-03-30 16:23:24.591 TextTV.nu[75457:70b] Multi-tasking -> Device: YES, App: YES
2014-03-30 16:23:24.618 TextTV.nu[75457:70b] Unlimited access to network resources
2014-03-30 16:23:24.706 TextTV.nu[75457:70b] [CDVTimer][statusbar] 29.061019ms
2014-03-30 16:23:24.708 TextTV.nu[75457:70b] [CDVTimer][TotalPluginStartup] 30.237019ms
2014-03-30 16:23:24.937 TextTV.nu[75457:70b] Resetting plugins due to page load.
2014-03-30 16:23:26.423 TextTV.nu[75457:70b] Finished load of: file:///Users/bonny/Library/Application%20Support/iPhone%20Simulator/7.1/Applications/4BBB6501-6E45-4545-B302-2FAA1A8233BA/TextTV.nu.app/www/index.html
2014-03-30 16:24:18.190 TextTV.nu[75457:70b] THREAD WARNING: ['SocialSharing'] took '135.151855' ms. Plugin should use a background thread.
2014-03-30 16:24:18.223 TextTV.nu[75457:70b] share api data [object Object]
2014-03-30 16:24:18.431 TextTV.nu[75457:70b] Cannot find executable for CFBundle 0xc03ed40 </Applications/Xcode.app/Contents/Developer/Platforms/iPhoneSimulator.platform/Developer/SDKs/iPhoneSimulator7.1.sdk/System/Library/AccessibilityBundles/SharingFramework.axbundle> (not loaded)
2014-03-30 16:24:35.607 TextTV.nu[75457:70b] THREAD WARNING: ['SocialSharing'] took '47.583008' ms. Plugin should use a background thread.
2014-03-30 16:24:35.620 TextTV.nu[75457:70b] share api data [object Object]
Terminating in response to SpringBoard's termination.
objc[76081]: Class AXEmojiUtilities is implemented in both /Applications/Xcode.app/Contents/Developer/Platforms/iPhoneSimulator.platform/Developer/SDKs/iPhoneSimulator7.1.sdk/System/Library/PrivateFrameworks/AccessibilityUtilities.framework/AccessibilityUtilities and /Applications/Xcode.app/Contents/Developer/Platforms/iPhoneSimulator.platform/Developer/SDKs/iPhoneSimulator7.1.sdk/usr/lib/libAXSpeechManager.dylib. One of the two will be used. Which one is undefined.
2014-03-30 16:25:22.702 TextTV.nu[76081:70b] Cannot find executable for CFBundle 0xbe72390 </Applications/Xcode.app/Contents/Developer/Platforms/iPhoneSimulator.platform/Developer/SDKs/iPhoneSimulator7.1.sdk/System/Library/AccessibilityBundles/MusicLibrary.axbundle> (not loaded)
2014-03-30 16:25:22.707 TextTV.nu[76081:70b] Cannot find executable for CFBundle 0xbe75bf0 </Applications/Xcode.app/Contents/Developer/Platforms/iPhoneSimulator.platform/Developer/SDKs/iPhoneSimulator7.1.sdk/System/Library/AccessibilityBundles/GeoServices.axbundle> (not loaded)
2014-03-30 16:25:22.715 TextTV.nu[76081:70b] Cannot find executable for CFBundle 0xc0b0a70 </Applications/Xcode.app/Contents/Developer/Platforms/iPhoneSimulator.platform/Developer/SDKs/iPhoneSimulator7.1.sdk/System/Library/AccessibilityBundles/CertUIFramework.axbundle> (not loaded)
2014-03-30 16:25:22.742 TextTV.nu[76081:70b] Cannot find executable for CFBundle 0xbf7cac0 </Applications/Xcode.app/Contents/Developer/Platforms/iPhoneSimulator.platform/Developer/SDKs/iPhoneSimulator7.1.sdk/System/Library/AccessibilityBundles/SocialFramework.axbundle> (not loaded)
2014-03-30 16:25:22.785 TextTV.nu[76081:70b] Multi-tasking -> Device: YES, App: YES
2014-03-30 16:25:22.796 TextTV.nu[76081:70b] Unlimited access to network resources
2014-03-30 16:25:22.837 TextTV.nu[76081:70b] [CDVTimer][statusbar] 13.439953ms
2014-03-30 16:25:22.838 TextTV.nu[76081:70b] [CDVTimer][TotalPluginStartup] 14.200032ms
2014-03-30 16:25:22.948 TextTV.nu[76081:70b] Resetting plugins due to page load.
2014-03-30 16:25:23.777 TextTV.nu[76081:70b] Finished load of: file:///Users/bonny/Library/Application%20Support/iPhone%20Simulator/7.1/Applications/4BBB6501-6E45-4545-B302-2FAA1A8233BA/TextTV.nu.app/www/index.html
2014-03-30 16:26:58.514 TextTV.nu[76081:70b] THREAD WARNING: ['SocialSharing'] took '150.426270' ms. Plugin should use a background thread.
2014-03-30 16:26:58.548 TextTV.nu[76081:70b] share api data [object Object]
2014-03-30 16:26:58.753 TextTV.nu[76081:70b] Cannot find executable for CFBundle 0xc0e7c20 </Applications/Xcode.app/Contents/Developer/Platforms/iPhoneSimulator.platform/Developer/SDKs/iPhoneSimulator7.1.sdk/System/Library/AccessibilityBundles/SharingFramework.axbundle> (not loaded)
Terminating in response to SpringBoard's termination.
objc[76811]: Class AXEmojiUtilities is implemented in both /Applications/Xcode.app/Contents/Developer/Platforms/iPhoneSimulator.platform/Developer/SDKs/iPhoneSimulator7.1.sdk/System/Library/PrivateFrameworks/AccessibilityUtilities.framework/AccessibilityUtilities and /Applications/Xcode.app/Contents/Developer/Platforms/iPhoneSimulator.platform/Developer/SDKs/iPhoneSimulator7.1.sdk/usr/lib/libAXSpeechManager.dylib. One of the two will be used. Which one is undefined.
2014-03-30 16:28:03.459 TextTV.nu[76811:70b] Cannot find executable for CFBundle 0xbfbeec0 </Applications/Xcode.app/Contents/Developer/Platforms/iPhoneSimulator.platform/Developer/SDKs/iPhoneSimulator7.1.sdk/System/Library/AccessibilityBundles/SocialFramework.axbundle> (not loaded)
2014-03-30 16:28:03.465 TextTV.nu[76811:70b] Cannot find executable for CFBundle 0xbec02e0 </Applications/Xcode.app/Contents/Developer/Platforms/iPhoneSimulator.platform/Developer/SDKs/iPhoneSimulator7.1.sdk/System/Library/AccessibilityBundles/CertUIFramework.axbundle> (not loaded)
2014-03-30 16:28:03.476 TextTV.nu[76811:70b] Cannot find executable for CFBundle 0xc09f3c0 </Applications/Xcode.app/Contents/Developer/Platforms/iPhoneSimulator.platform/Developer/SDKs/iPhoneSimulator7.1.sdk/System/Library/AccessibilityBundles/MusicLibrary.axbundle> (not loaded)
2014-03-30 16:28:03.482 TextTV.nu[76811:70b] Cannot find executable for CFBundle 0xbedfd10 </Applications/Xcode.app/Contents/Developer/Platforms/iPhoneSimulator.platform/Developer/SDKs/iPhoneSimulator7.1.sdk/System/Library/AccessibilityBundles/GeoServices.axbundle> (not loaded)
2014-03-30 16:28:03.529 TextTV.nu[76811:70b] Multi-tasking -> Device: YES, App: YES
2014-03-30 16:28:03.540 TextTV.nu[76811:70b] Unlimited access to network resources
2014-03-30 16:28:03.578 TextTV.nu[76811:70b] [CDVTimer][statusbar] 10.487974ms
2014-03-30 16:28:03.578 TextTV.nu[76811:70b] [CDVTimer][TotalPluginStartup] 11.116028ms
2014-03-30 16:28:03.718 TextTV.nu[76811:70b] Resetting plugins due to page load.
2014-03-30 16:28:04.403 TextTV.nu[76811:70b] Finished load of: file:///Users/bonny/Library/Application%20Support/iPhone%20Simulator/7.1/Applications/4BBB6501-6E45-4545-B302-2FAA1A8233BA/TextTV.nu.app/www/index.html
2014-03-30 16:28:06.807 TextTV.nu[76811:70b] THREAD WARNING: ['SocialSharing'] took '142.700928' ms. Plugin should use a background thread.
2014-03-30 16:28:06.846 TextTV.nu[76811:70b] share api data [object Object]
2014-03-30 16:28:07.042 TextTV.nu[76811:70b] Cannot find executable for CFBundle 0xc05cd10 </Applications/Xcode.app/Contents/Developer/Platforms/iPhoneSimulator.platform/Developer/SDKs/iPhoneSimulator7.1.sdk/System/Library/AccessibilityBundles/SharingFramework.axbundle> (not loaded)
objc[83430]: Class AXEmojiUtilities is implemented in both /Applications/Xcode.app/Contents/Developer/Platforms/iPhoneSimulator.platform/Developer/SDKs/iPhoneSimulator7.1.sdk/System/Library/PrivateFrameworks/AccessibilityUtilities.framework/AccessibilityUtilities and /Applications/Xcode.app/Contents/Developer/Platforms/iPhoneSimulator.platform/Developer/SDKs/iPhoneSimulator7.1.sdk/usr/lib/libAXSpeechManager.dylib. One of the two will be used. Which one is undefined.
2014-03-30 21:30:37.973 TextTV.nu[83430:70b] Cannot find executable for CFBundle 0xbf237c0 </Applications/Xcode.app/Contents/Developer/Platforms/iPhoneSimulator.platform/Developer/SDKs/iPhoneSimulator7.1.sdk/System/Library/AccessibilityBundles/GeoServices.axbundle> (not loaded)
2014-03-30 21:30:38.010 TextTV.nu[83430:70b] Cannot find executable for CFBundle 0xc00f600 </Applications/Xcode.app/Contents/Developer/Platforms/iPhoneSimulator.platform/Developer/SDKs/iPhoneSimulator7.1.sdk/System/Library/AccessibilityBundles/SocialFramework.axbundle> (not loaded)
2014-03-30 21:30:38.013 TextTV.nu[83430:70b] Cannot find executable for CFBundle 0xc012890 </Applications/Xcode.app/Contents/Developer/Platforms/iPhoneSimulator.platform/Developer/SDKs/iPhoneSimulator7.1.sdk/System/Library/AccessibilityBundles/CertUIFramework.axbundle> (not loaded)
2014-03-30 21:30:38.022 TextTV.nu[83430:70b] Cannot find executable for CFBundle 0xc01c810 </Applications/Xcode.app/Contents/Developer/Platforms/iPhoneSimulator.platform/Developer/SDKs/iPhoneSimulator7.1.sdk/System/Library/AccessibilityBundles/MusicLibrary.axbundle> (not loaded)
2014-03-30 21:30:38.068 TextTV.nu[83430:70b] Multi-tasking -> Device: YES, App: YES
2014-03-30 21:30:38.118 TextTV.nu[83430:70b] Unlimited access to network resources
2014-03-30 21:30:38.417 TextTV.nu[83430:70b] [CDVTimer][statusbar] 82.656980ms
2014-03-30 21:30:38.419 TextTV.nu[83430:70b] [CDVTimer][TotalPluginStartup] 84.327996ms
2014-03-30 21:30:38.561 TextTV.nu[83430:70b] Resetting plugins due to page load.
2014-03-30 21:30:39.493 TextTV.nu[83430:70b] Finished load of: file:///Users/bonny/Library/Application%20Support/iPhone%20Simulator/7.1/Applications/4BBB6501-6E45-4545-B302-2FAA1A8233BA/TextTV.nu.app/www/index.html
objc[84435]: Class AXEmojiUtilities is implemented in both /Applications/Xcode.app/Contents/Developer/Platforms/iPhoneSimulator.platform/Developer/SDKs/iPhoneSimulator7.1.sdk/System/Library/PrivateFrameworks/AccessibilityUtilities.framework/AccessibilityUtilities and /Applications/Xcode.app/Contents/Developer/Platforms/iPhoneSimulator.platform/Developer/SDKs/iPhoneSimulator7.1.sdk/usr/lib/libAXSpeechManager.dylib. One of the two will be used. Which one is undefined.
2014-03-30 21:53:12.305 TextTV.nu[84435:70b] Cannot find executable for CFBundle 0xbead610 </Applications/Xcode.app/Contents/Developer/Platforms/iPhoneSimulator.platform/Developer/SDKs/iPhoneSimulator7.1.sdk/System/Library/AccessibilityBundles/SocialFramework.axbundle> (not loaded)
2014-03-30 21:53:12.343 TextTV.nu[84435:70b] Cannot find executable for CFBundle 0xc184bc0 </Applications/Xcode.app/Contents/Developer/Platforms/iPhoneSimulator.platform/Developer/SDKs/iPhoneSimulator7.1.sdk/System/Library/AccessibilityBundles/GeoServices.axbundle> (not loaded)
2014-03-30 21:53:12.357 TextTV.nu[84435:70b] Cannot find executable for CFBundle 0xc19dd40 </Applications/Xcode.app/Contents/Developer/Platforms/iPhoneSimulator.platform/Developer/SDKs/iPhoneSimulator7.1.sdk/System/Library/AccessibilityBundles/MusicLibrary.axbundle> (not loaded)
2014-03-30 21:53:12.360 TextTV.nu[84435:70b] Cannot find executable for CFBundle 0xc0ca6a0 </Applications/Xcode.app/Contents/Developer/Platforms/iPhoneSimulator.platform/Developer/SDKs/iPhoneSimulator7.1.sdk/System/Library/AccessibilityBundles/CertUIFramework.axbundle> (not loaded)
2014-03-30 21:53:12.401 TextTV.nu[84435:70b] Multi-tasking -> Device: YES, App: YES
2014-03-30 21:53:12.411 TextTV.nu[84435:70b] Unlimited access to network resources
2014-03-30 21:53:12.459 TextTV.nu[84435:70b] [CDVTimer][statusbar] 21.036983ms
2014-03-30 21:53:12.460 TextTV.nu[84435:70b] [CDVTimer][TotalPluginStartup] 22.149026ms
2014-03-30 21:53:12.635 TextTV.nu[84435:70b] Resetting plugins due to page load.
2014-03-30 21:53:13.492 TextTV.nu[84435:70b] Finished load of: file:///Users/bonny/Library/Application%20Support/iPhone%20Simulator/7.1/Applications/4BBB6501-6E45-4545-B302-2FAA1A8233BA/TextTV.nu.app/www/index.html
2014-03-30 21:53:40.969 TextTV.nu[84435:70b] THREAD WARNING: ['SocialSharing'] took '151.239990' ms. Plugin should use a background thread.
2014-03-30 21:53:41.199 TextTV.nu[84435:70b] Cannot find executable for CFBundle 0xbfa23b0 </Applications/Xcode.app/Contents/Developer/Platforms/iPhoneSimulator.platform/Developer/SDKs/iPhoneSimulator7.1.sdk/System/Library/AccessibilityBundles/SharingFramework.axbundle> (not loaded)
2014-03-30 21:53:44.063 TextTV.nu[84435:70b] false
2014-03-30 21:53:45.363 TextTV.nu[84435:70b] THREAD WARNING: ['SocialSharing'] took '57.080322' ms. Plugin should use a background thread.
2014-03-30 21:53:47.354 TextTV.nu[84435:70b] false
2014-03-30 21:53:48.468 TextTV.nu[84435:70b] THREAD WARNING: ['SocialSharing'] took '58.694824' ms. Plugin should use a background thread.
2014-03-30 21:53:50.380 TextTV.nu[84435:70b] false
2014-03-30 21:53:53.101 TextTV.nu[84435:70b] THREAD WARNING: ['SocialSharing'] took '53.451904' ms. Plugin should use a background thread.
objc[85019]: Class AXEmojiUtilities is implemented in both /Applications/Xcode.app/Contents/Developer/Platforms/iPhoneSimulator.platform/Developer/SDKs/iPhoneSimulator7.1.sdk/System/Library/PrivateFrameworks/AccessibilityUtilities.framework/AccessibilityUtilities and /Applications/Xcode.app/Contents/Developer/Platforms/iPhoneSimulator.platform/Developer/SDKs/iPhoneSimulator7.1.sdk/usr/lib/libAXSpeechManager.dylib. One of the two will be used. Which one is undefined.
2014-03-30 21:56:29.391 TextTV.nu[85019:70b] Cannot find executable for CFBundle 0xc199890 </Applications/Xcode.app/Contents/Developer/Platforms/iPhoneSimulator.platform/Developer/SDKs/iPhoneSimulator7.1.sdk/System/Library/AccessibilityBundles/CertUIFramework.axbundle> (not loaded)
2014-03-30 21:56:29.396 TextTV.nu[85019:70b] Cannot find executable for CFBundle 0xbeb1930 </Applications/Xcode.app/Contents/Developer/Platforms/iPhoneSimulator.platform/Developer/SDKs/iPhoneSimulator7.1.sdk/System/Library/AccessibilityBundles/MusicLibrary.axbundle> (not loaded)
2014-03-30 21:56:29.407 TextTV.nu[85019:70b] Cannot find executable for CFBundle 0xc0b02b0 </Applications/Xcode.app/Contents/Developer/Platforms/iPhoneSimulator.platform/Developer/SDKs/iPhoneSimulator7.1.sdk/System/Library/AccessibilityBundles/SocialFramework.axbundle> (not loaded)
2014-03-30 21:56:29.430 TextTV.nu[85019:70b] Cannot find executable for CFBundle 0xc0bc790 </Applications/Xcode.app/Contents/Developer/Platforms/iPhoneSimulator.platform/Developer/SDKs/iPhoneSimulator7.1.sdk/System/Library/AccessibilityBundles/GeoServices.axbundle> (not loaded)
2014-03-30 21:56:29.514 TextTV.nu[85019:70b] Multi-tasking -> Device: YES, App: YES
2014-03-30 21:56:29.525 TextTV.nu[85019:70b] Unlimited access to network resources
2014-03-30 21:56:29.570 TextTV.nu[85019:70b] [CDVTimer][statusbar] 13.651013ms
2014-03-30 21:56:29.572 TextTV.nu[85019:70b] [CDVTimer][TotalPluginStartup] 14.874995ms
2014-03-30 21:56:29.711 TextTV.nu[85019:70b] Resetting plugins due to page load.
2014-03-30 21:56:30.660 TextTV.nu[85019:70b] Finished load of: file:///Users/bonny/Library/Application%20Support/iPhone%20Simulator/7.1/Applications/4BBB6501-6E45-4545-B302-2FAA1A8233BA/TextTV.nu.app/www/index.html
2014-03-30 21:56:33.731 TextTV.nu[85019:70b] THREAD WARNING: ['SocialSharing'] took '155.862061' ms. Plugin should use a background thread.
2014-03-30 21:56:33.979 TextTV.nu[85019:70b] Cannot find executable for CFBundle 0xbfeea70 </Applications/Xcode.app/Contents/Developer/Platforms/iPhoneSimulator.platform/Developer/SDKs/iPhoneSimulator7.1.sdk/System/Library/AccessibilityBundles/SharingFramework.axbundle> (not loaded)
2014-03-30 21:56:35.448 TextTV.nu[85019:70b] false
2014-03-30 21:56:36.644 TextTV.nu[85019:70b] THREAD WARNING: ['SocialSharing'] took '91.847900' ms. Plugin should use a background thread.
2014-03-30 21:56:38.111 TextTV.nu[85019:70b] false
objc[85662]: Class AXEmojiUtilities is implemented in both /Applications/Xcode.app/Contents/Developer/Platforms/iPhoneSimulator.platform/Developer/SDKs/iPhoneSimulator7.1.sdk/System/Library/PrivateFrameworks/AccessibilityUtilities.framework/AccessibilityUtilities and /Applications/Xcode.app/Contents/Developer/Platforms/iPhoneSimulator.platform/Developer/SDKs/iPhoneSimulator7.1.sdk/usr/lib/libAXSpeechManager.dylib. One of the two will be used. Which one is undefined.
2014-03-30 22:08:57.114 TextTV.nu[85662:70b] Cannot find executable for CFBundle 0xbeaf5b0 </Applications/Xcode.app/Contents/Developer/Platforms/iPhoneSimulator.platform/Developer/SDKs/iPhoneSimulator7.1.sdk/System/Library/AccessibilityBundles/GeoServices.axbundle> (not loaded)
2014-03-30 22:08:57.119 TextTV.nu[85662:70b] Cannot find executable for CFBundle 0xc17bba0 </Applications/Xcode.app/Contents/Developer/Platforms/iPhoneSimulator.platform/Developer/SDKs/iPhoneSimulator7.1.sdk/System/Library/AccessibilityBundles/MusicLibrary.axbundle> (not loaded)
2014-03-30 22:08:57.124 TextTV.nu[85662:70b] Cannot find executable for CFBundle 0xc0d1990 </Applications/Xcode.app/Contents/Developer/Platforms/iPhoneSimulator.platform/Developer/SDKs/iPhoneSimulator7.1.sdk/System/Library/AccessibilityBundles/CertUIFramework.axbundle> (not loaded)
2014-03-30 22:08:57.152 TextTV.nu[85662:70b] Cannot find executable for CFBundle 0xbfb7a90 </Applications/Xcode.app/Contents/Developer/Platforms/iPhoneSimulator.platform/Developer/SDKs/iPhoneSimulator7.1.sdk/System/Library/AccessibilityBundles/SocialFramework.axbundle> (not loaded)
2014-03-30 22:08:57.195 TextTV.nu[85662:70b] Multi-tasking -> Device: YES, App: YES
2014-03-30 22:08:57.208 TextTV.nu[85662:70b] Unlimited access to network resources
2014-03-30 22:08:57.265 TextTV.nu[85662:70b] [CDVTimer][statusbar] 20.564020ms
2014-03-30 22:08:57.266 TextTV.nu[85662:70b] [CDVTimer][TotalPluginStartup] 21.191001ms
2014-03-30 22:08:57.371 TextTV.nu[85662:70b] Resetting plugins due to page load.
2014-03-30 22:08:58.132 TextTV.nu[85662:70b] Finished load of: file:///Users/bonny/Library/Application%20Support/iPhone%20Simulator/7.1/Applications/4BBB6501-6E45-4545-B302-2FAA1A8233BA/TextTV.nu.app/www/index.html
2014-03-30 22:09:00.693 TextTV.nu[85662:70b] THREAD WARNING: ['SocialSharing'] took '151.282227' ms. Plugin should use a background thread.
2014-03-30 22:09:00.928 TextTV.nu[85662:70b] Cannot find executable for CFBundle 0xbf49c10 </Applications/Xcode.app/Contents/Developer/Platforms/iPhoneSimulator.platform/Developer/SDKs/iPhoneSimulator7.1.sdk/System/Library/AccessibilityBundles/SharingFramework.axbundle> (not loaded)
2014-03-30 22:09:02.778 TextTV.nu[85662:70b] false
2014-03-30 22:09:06.601 TextTV.nu[85662:70b] THREAD WARNING: ['SocialSharing'] took '63.186035' ms. Plugin should use a background thread.
2014-03-30 22:09:09.013 TextTV.nu[85662:70b] false
2014-03-30 22:09:09.752 TextTV.nu[85662:70b] THREAD WARNING: ['SocialSharing'] took '59.994873' ms. Plugin should use a background thread.
2014-03-30 22:09:10.900 TextTV.nu[85662:70b] false
