objc[45408]: Class AXEmojiUtilities is implemented in both /Applications/Xcode.app/Contents/Developer/Platforms/iPhoneSimulator.platform/Developer/SDKs/iPhoneSimulator7.1.sdk/System/Library/PrivateFrameworks/AccessibilityUtilities.framework/AccessibilityUtilities and /Applications/Xcode.app/Contents/Developer/Platforms/iPhoneSimulator.platform/Developer/SDKs/iPhoneSimulator7.1.sdk/usr/lib/libAXSpeechManager.dylib. One of the two will be used. Which one is undefined.
2014-03-29 10:43:13.945 texttv.nu[45408:70b] Cannot find executable for CFBundle 0xbe64fe0 </Applications/Xcode.app/Contents/Developer/Platforms/iPhoneSimulator.platform/Developer/SDKs/iPhoneSimulator7.1.sdk/System/Library/AccessibilityBundles/CertUIFramework.axbundle> (not loaded)
2014-03-29 10:43:13.953 texttv.nu[45408:70b] Cannot find executable for CFBundle 0xc074ba0 </Applications/Xcode.app/Contents/Developer/Platforms/iPhoneSimulator.platform/Developer/SDKs/iPhoneSimulator7.1.sdk/System/Library/AccessibilityBundles/MusicLibrary.axbundle> (not loaded)
2014-03-29 10:43:13.966 texttv.nu[45408:70b] Cannot find executable for CFBundle 0xc1803e0 </Applications/Xcode.app/Contents/Developer/Platforms/iPhoneSimulator.platform/Developer/SDKs/iPhoneSimulator7.1.sdk/System/Library/AccessibilityBundles/GeoServices.axbundle> (not loaded)
2014-03-29 10:43:13.974 texttv.nu[45408:70b] Cannot find executable for CFBundle 0xc18aab0 </Applications/Xcode.app/Contents/Developer/Platforms/iPhoneSimulator.platform/Developer/SDKs/iPhoneSimulator7.1.sdk/System/Library/AccessibilityBundles/SocialFramework.axbundle> (not loaded)
2014-03-29 10:43:14.048 texttv.nu[45408:70b] Multi-tasking -> Device: YES, App: YES
2014-03-29 10:43:14.061 texttv.nu[45408:70b] Unlimited access to network resources
2014-03-29 10:43:14.101 texttv.nu[45408:70b] [CDVTimer][statusbar] 9.899974ms
2014-03-29 10:43:14.103 texttv.nu[45408:70b] [CDVTimer][TotalPluginStartup] 11.554956ms
2014-03-29 10:43:14.209 texttv.nu[45408:70b] Resetting plugins due to page load.
2014-03-29 10:43:14.934 texttv.nu[45408:70b] Finished load of: file:///Users/bonny/Library/Application%20Support/iPhone%20Simulator/7.1/Applications/7385B64A-353E-487B-BF45-82B2CDE8782A/texttv.nu.app/www/index.html
2014-03-29 10:43:36.155 texttv.nu[45408:4007] void SendDelegateMessage(NSInvocation *): delegate (webView:runJavaScriptAlertPanelWithMessage:initiatedByFrame:) failed to return after waiting 10 seconds. main run loop mode: kCFRunLoopDefaultMode
2014-03-29 10:43:36.160 texttv.nu[45408:70b] {"available":true,"platform":"iOS","version":"7.1","uuid":"3C95B455-D8E7-4E41-9394-5346EA3A44C7","cordova":"3.4.0","model":"x86_64"}
objc[46056]: Class AXEmojiUtilities is implemented in both /Applications/Xcode.app/Contents/Developer/Platforms/iPhoneSimulator.platform/Developer/SDKs/iPhoneSimulator7.1.sdk/System/Library/PrivateFrameworks/AccessibilityUtilities.framework/AccessibilityUtilities and /Applications/Xcode.app/Contents/Developer/Platforms/iPhoneSimulator.platform/Developer/SDKs/iPhoneSimulator7.1.sdk/usr/lib/libAXSpeechManager.dylib. One of the two will be used. Which one is undefined.
2014-03-29 10:47:17.702 texttv.nu[46056:70b] Cannot find executable for CFBundle 0xbe9a170 </Applications/Xcode.app/Contents/Developer/Platforms/iPhoneSimulator.platform/Developer/SDKs/iPhoneSimulator7.1.sdk/System/Library/AccessibilityBundles/GeoServices.axbundle> (not loaded)
2014-03-29 10:47:17.706 texttv.nu[46056:70b] Cannot find executable for CFBundle 0xc198380 </Applications/Xcode.app/Contents/Developer/Platforms/iPhoneSimulator.platform/Developer/SDKs/iPhoneSimulator7.1.sdk/System/Library/AccessibilityBundles/SocialFramework.axbundle> (not loaded)
2014-03-29 10:47:17.717 texttv.nu[46056:70b] Cannot find executable for CFBundle 0xbfd7150 </Applications/Xcode.app/Contents/Developer/Platforms/iPhoneSimulator.platform/Developer/SDKs/iPhoneSimulator7.1.sdk/System/Library/AccessibilityBundles/CertUIFramework.axbundle> (not loaded)
2014-03-29 10:47:17.720 texttv.nu[46056:70b] Cannot find executable for CFBundle 0xbfdb000 </Applications/Xcode.app/Contents/Developer/Platforms/iPhoneSimulator.platform/Developer/SDKs/iPhoneSimulator7.1.sdk/System/Library/AccessibilityBundles/MusicLibrary.axbundle> (not loaded)
2014-03-29 10:47:17.763 texttv.nu[46056:70b] Multi-tasking -> Device: YES, App: YES
2014-03-29 10:47:17.773 texttv.nu[46056:70b] Unlimited access to network resources
2014-03-29 10:47:17.808 texttv.nu[46056:70b] [CDVTimer][statusbar] 8.320987ms
2014-03-29 10:47:17.809 texttv.nu[46056:70b] [CDVTimer][TotalPluginStartup] 9.019017ms
2014-03-29 10:47:17.926 texttv.nu[46056:70b] Resetting plugins due to page load.
2014-03-29 10:47:18.603 texttv.nu[46056:70b] Finished load of: file:///Users/bonny/Library/Application%20Support/iPhone%20Simulator/7.1/Applications/7385B64A-353E-487B-BF45-82B2CDE8782A/texttv.nu.app/www/index.html
objc[46625]: Class AXEmojiUtilities is implemented in both /Applications/Xcode.app/Contents/Developer/Platforms/iPhoneSimulator.platform/Developer/SDKs/iPhoneSimulator7.1.sdk/System/Library/PrivateFrameworks/AccessibilityUtilities.framework/AccessibilityUtilities and /Applications/Xcode.app/Contents/Developer/Platforms/iPhoneSimulator.platform/Developer/SDKs/iPhoneSimulator7.1.sdk/usr/lib/libAXSpeechManager.dylib. One of the two will be used. Which one is undefined.
2014-03-29 10:48:12.006 texttv.nu[46625:70b] Cannot find executable for CFBundle 0xc160020 </Applications/Xcode.app/Contents/Developer/Platforms/iPhoneSimulator.platform/Developer/SDKs/iPhoneSimulator7.1.sdk/System/Library/AccessibilityBundles/GeoServices.axbundle> (not loaded)
2014-03-29 10:48:12.026 texttv.nu[46625:70b] Cannot find executable for CFBundle 0xbe6d110 </Applications/Xcode.app/Contents/Developer/Platforms/iPhoneSimulator.platform/Developer/SDKs/iPhoneSimulator7.1.sdk/System/Library/AccessibilityBundles/SocialFramework.axbundle> (not loaded)
2014-03-29 10:48:12.040 texttv.nu[46625:70b] Cannot find executable for CFBundle 0xbf60350 </Applications/Xcode.app/Contents/Developer/Platforms/iPhoneSimulator.platform/Developer/SDKs/iPhoneSimulator7.1.sdk/System/Library/AccessibilityBundles/CertUIFramework.axbundle> (not loaded)
2014-03-29 10:48:12.047 texttv.nu[46625:70b] Cannot find executable for CFBundle 0xbe86840 </Applications/Xcode.app/Contents/Developer/Platforms/iPhoneSimulator.platform/Developer/SDKs/iPhoneSimulator7.1.sdk/System/Library/AccessibilityBundles/MusicLibrary.axbundle> (not loaded)
2014-03-29 10:48:12.108 texttv.nu[46625:70b] Multi-tasking -> Device: YES, App: YES
2014-03-29 10:48:12.119 texttv.nu[46625:70b] Unlimited access to network resources
2014-03-29 10:48:12.157 texttv.nu[46625:70b] [CDVTimer][statusbar] 8.843005ms
2014-03-29 10:48:12.158 texttv.nu[46625:70b] [CDVTimer][TotalPluginStartup] 9.881973ms
2014-03-29 10:48:12.296 texttv.nu[46625:70b] Resetting plugins due to page load.
2014-03-29 10:48:12.928 texttv.nu[46625:70b] Finished load of: file:///Users/bonny/Library/Application%20Support/iPhone%20Simulator/7.1/Applications/7385B64A-353E-487B-BF45-82B2CDE8782A/texttv.nu.app/www/index.html
2014-03-29 10:48:46.063 texttv.nu[46625:70b] error JSON.stringify()ing argument: TypeError: JSON.stringify cannot serialize cyclic structures.
2014-03-29 10:48:46.063 texttv.nu[46625:70b] error JSON.stringify()ing argument: TypeError: JSON.stringify cannot serialize cyclic structures.
2014-03-29 10:48:57.806 texttv.nu[46625:70b] error JSON.stringify()ing argument: TypeError: JSON.stringify cannot serialize cyclic structures.
2014-03-29 10:49:00.012 texttv.nu[46625:70b] error JSON.stringify()ing argument: TypeError: JSON.stringify cannot serialize cyclic structures.
2014-03-29 10:49:01.599 texttv.nu[46625:70b] error JSON.stringify()ing argument: TypeError: JSON.stringify cannot serialize cyclic structures.
2014-03-29 10:49:04.744 texttv.nu[46625:70b] error JSON.stringify()ing argument: TypeError: JSON.stringify cannot serialize cyclic structures.
2014-03-29 10:52:01.013 texttv.nu[46625:70b] error JSON.stringify()ing argument: TypeError: JSON.stringify cannot serialize cyclic structures.
2014-03-29 10:52:03.760 texttv.nu[46625:70b] THREAD WARNING: ['SocialSharing'] took '219.418945' ms. Plugin should use a background thread.
2014-03-29 10:52:03.994 texttv.nu[46625:70b] Cannot find executable for CFBundle 0xc1ec4c0 </Applications/Xcode.app/Contents/Developer/Platforms/iPhoneSimulator.platform/Developer/SDKs/iPhoneSimulator7.1.sdk/System/Library/AccessibilityBundles/SharingFramework.axbundle> (not loaded)
Terminating in response to SpringBoard's termination.
objc[47450]: Class AXEmojiUtilities is implemented in both /Applications/Xcode.app/Contents/Developer/Platforms/iPhoneSimulator.platform/Developer/SDKs/iPhoneSimulator7.1.sdk/System/Library/PrivateFrameworks/AccessibilityUtilities.framework/AccessibilityUtilities and /Applications/Xcode.app/Contents/Developer/Platforms/iPhoneSimulator.platform/Developer/SDKs/iPhoneSimulator7.1.sdk/usr/lib/libAXSpeechManager.dylib. One of the two will be used. Which one is undefined.
2014-03-29 10:54:14.534 texttv.nu[47450:70b] Cannot find executable for CFBundle 0xc05e810 </Applications/Xcode.app/Contents/Developer/Platforms/iPhoneSimulator.platform/Developer/SDKs/iPhoneSimulator7.1.sdk/System/Library/AccessibilityBundles/SocialFramework.axbundle> (not loaded)
2014-03-29 10:54:14.555 texttv.nu[47450:70b] Cannot find executable for CFBundle 0xc068080 </Applications/Xcode.app/Contents/Developer/Platforms/iPhoneSimulator.platform/Developer/SDKs/iPhoneSimulator7.1.sdk/System/Library/AccessibilityBundles/GeoServices.axbundle> (not loaded)
2014-03-29 10:54:14.559 texttv.nu[47450:70b] Cannot find executable for CFBundle 0xc06cb70 </Applications/Xcode.app/Contents/Developer/Platforms/iPhoneSimulator.platform/Developer/SDKs/iPhoneSimulator7.1.sdk/System/Library/AccessibilityBundles/MusicLibrary.axbundle> (not loaded)
2014-03-29 10:54:14.584 texttv.nu[47450:70b] Cannot find executable for CFBundle 0xc190d70 </Applications/Xcode.app/Contents/Developer/Platforms/iPhoneSimulator.platform/Developer/SDKs/iPhoneSimulator7.1.sdk/System/Library/AccessibilityBundles/CertUIFramework.axbundle> (not loaded)
2014-03-29 10:54:14.637 texttv.nu[47450:70b] Multi-tasking -> Device: YES, App: YES
2014-03-29 10:54:14.648 texttv.nu[47450:70b] Unlimited access to network resources
2014-03-29 10:54:14.701 texttv.nu[47450:70b] [CDVTimer][statusbar] 19.598961ms
2014-03-29 10:54:14.701 texttv.nu[47450:70b] [CDVTimer][TotalPluginStartup] 20.247996ms
2014-03-29 10:54:14.811 texttv.nu[47450:70b] Resetting plugins due to page load.
2014-03-29 10:54:15.636 texttv.nu[47450:70b] Finished load of: file:///Users/bonny/Library/Application%20Support/iPhone%20Simulator/7.1/Applications/7385B64A-353E-487B-BF45-82B2CDE8782A/texttv.nu.app/www/index.html
2014-03-29 10:54:17.704 texttv.nu[47450:70b] THREAD WARNING: ['SocialSharing'] took '321.068115' ms. Plugin should use a background thread.
2014-03-29 10:54:17.939 texttv.nu[47450:70b] Cannot find executable for CFBundle 0xc1cef60 </Applications/Xcode.app/Contents/Developer/Platforms/iPhoneSimulator.platform/Developer/SDKs/iPhoneSimulator7.1.sdk/System/Library/AccessibilityBundles/SharingFramework.axbundle> (not loaded)
2014-03-29 10:55:09.216 texttv.nu[47450:70b] THREAD WARNING: ['SocialSharing'] took '164.017822' ms. Plugin should use a background thread.
objc[48042]: Class AXEmojiUtilities is implemented in both /Applications/Xcode.app/Contents/Developer/Platforms/iPhoneSimulator.platform/Developer/SDKs/iPhoneSimulator7.1.sdk/System/Library/PrivateFrameworks/AccessibilityUtilities.framework/AccessibilityUtilities and /Applications/Xcode.app/Contents/Developer/Platforms/iPhoneSimulator.platform/Developer/SDKs/iPhoneSimulator7.1.sdk/usr/lib/libAXSpeechManager.dylib. One of the two will be used. Which one is undefined.
2014-03-29 10:57:09.118 texttv.nu[48042:70b] Cannot find executable for CFBundle 0xc1668f0 </Applications/Xcode.app/Contents/Developer/Platforms/iPhoneSimulator.platform/Developer/SDKs/iPhoneSimulator7.1.sdk/System/Library/AccessibilityBundles/CertUIFramework.axbundle> (not loaded)
2014-03-29 10:57:09.129 texttv.nu[48042:70b] Cannot find executable for CFBundle 0xbf99740 </Applications/Xcode.app/Contents/Developer/Platforms/iPhoneSimulator.platform/Developer/SDKs/iPhoneSimulator7.1.sdk/System/Library/AccessibilityBundles/MusicLibrary.axbundle> (not loaded)
2014-03-29 10:57:09.135 texttv.nu[48042:70b] Cannot find executable for CFBundle 0xbfaed40 </Applications/Xcode.app/Contents/Developer/Platforms/iPhoneSimulator.platform/Developer/SDKs/iPhoneSimulator7.1.sdk/System/Library/AccessibilityBundles/GeoServices.axbundle> (not loaded)
2014-03-29 10:57:09.161 texttv.nu[48042:70b] Cannot find executable for CFBundle 0xc086ef0 </Applications/Xcode.app/Contents/Developer/Platforms/iPhoneSimulator.platform/Developer/SDKs/iPhoneSimulator7.1.sdk/System/Library/AccessibilityBundles/SocialFramework.axbundle> (not loaded)
2014-03-29 10:57:09.203 texttv.nu[48042:70b] Multi-tasking -> Device: YES, App: YES
2014-03-29 10:57:09.213 texttv.nu[48042:70b] Unlimited access to network resources
2014-03-29 10:57:09.259 texttv.nu[48042:70b] [CDVTimer][statusbar] 18.743038ms
2014-03-29 10:57:09.259 texttv.nu[48042:70b] [CDVTimer][TotalPluginStartup] 19.353986ms
2014-03-29 10:57:09.360 texttv.nu[48042:70b] Resetting plugins due to page load.
2014-03-29 10:57:09.973 texttv.nu[48042:70b] Finished load of: file:///Users/bonny/Library/Application%20Support/iPhone%20Simulator/7.1/Applications/7385B64A-353E-487B-BF45-82B2CDE8782A/texttv.nu.app/www/index.html
2014-03-29 10:57:20.231 texttv.nu[48042:70b] THREAD WARNING: ['SocialSharing'] took '562.204102' ms. Plugin should use a background thread.
2014-03-29 10:57:20.468 texttv.nu[48042:70b] Cannot find executable for CFBundle 0xbfa7070 </Applications/Xcode.app/Contents/Developer/Platforms/iPhoneSimulator.platform/Developer/SDKs/iPhoneSimulator7.1.sdk/System/Library/AccessibilityBundles/SharingFramework.axbundle> (not loaded)
2014-03-29 10:57:35.423 texttv.nu[48042:70b] THREAD WARNING: ['SocialSharing'] took '29.740723' ms. Plugin should use a background thread.
objc[48657]: Class AXEmojiUtilities is implemented in both /Applications/Xcode.app/Contents/Developer/Platforms/iPhoneSimulator.platform/Developer/SDKs/iPhoneSimulator7.1.sdk/System/Library/PrivateFrameworks/AccessibilityUtilities.framework/AccessibilityUtilities and /Applications/Xcode.app/Contents/Developer/Platforms/iPhoneSimulator.platform/Developer/SDKs/iPhoneSimulator7.1.sdk/usr/lib/libAXSpeechManager.dylib. One of the two will be used. Which one is undefined.
2014-03-29 10:58:17.031 texttv.nu[48657:70b] Cannot find executable for CFBundle 0xc198b90 </Applications/Xcode.app/Contents/Developer/Platforms/iPhoneSimulator.platform/Developer/SDKs/iPhoneSimulator7.1.sdk/System/Library/AccessibilityBundles/SocialFramework.axbundle> (not loaded)
2014-03-29 10:58:17.042 texttv.nu[48657:70b] Cannot find executable for CFBundle 0xbea2c00 </Applications/Xcode.app/Contents/Developer/Platforms/iPhoneSimulator.platform/Developer/SDKs/iPhoneSimulator7.1.sdk/System/Library/AccessibilityBundles/GeoServices.axbundle> (not loaded)
2014-03-29 10:58:17.058 texttv.nu[48657:70b] Cannot find executable for CFBundle 0xc0954e0 </Applications/Xcode.app/Contents/Developer/Platforms/iPhoneSimulator.platform/Developer/SDKs/iPhoneSimulator7.1.sdk/System/Library/AccessibilityBundles/CertUIFramework.axbundle> (not loaded)
2014-03-29 10:58:17.060 texttv.nu[48657:70b] Cannot find executable for CFBundle 0xc097d10 </Applications/Xcode.app/Contents/Developer/Platforms/iPhoneSimulator.platform/Developer/SDKs/iPhoneSimulator7.1.sdk/System/Library/AccessibilityBundles/MusicLibrary.axbundle> (not loaded)
2014-03-29 10:58:17.105 texttv.nu[48657:70b] Multi-tasking -> Device: YES, App: YES
2014-03-29 10:58:17.116 texttv.nu[48657:70b] Unlimited access to network resources
2014-03-29 10:58:17.154 texttv.nu[48657:70b] [CDVTimer][statusbar] 9.907007ms
2014-03-29 10:58:17.155 texttv.nu[48657:70b] [CDVTimer][TotalPluginStartup] 10.563970ms
2014-03-29 10:58:17.254 texttv.nu[48657:70b] Resetting plugins due to page load.
2014-03-29 10:58:17.863 texttv.nu[48657:70b] Finished load of: file:///Users/bonny/Library/Application%20Support/iPhone%20Simulator/7.1/Applications/7385B64A-353E-487B-BF45-82B2CDE8782A/texttv.nu.app/www/index.html
2014-03-29 10:58:32.437 texttv.nu[48657:70b] THREAD WARNING: ['SocialSharing'] took '126.917236' ms. Plugin should use a background thread.
2014-03-29 10:58:32.677 texttv.nu[48657:70b] Cannot find executable for CFBundle 0xc1c9040 </Applications/Xcode.app/Contents/Developer/Platforms/iPhoneSimulator.platform/Developer/SDKs/iPhoneSimulator7.1.sdk/System/Library/AccessibilityBundles/SharingFramework.axbundle> (not loaded)
